This file contains any messages produced by compilers while
running configure, to aid debugging if configure makes a mistake.

It was created by mpfi configure 1.5.3, which was
generated by GNU Autoconf 2.69.  Invocation command line was

  $ ./configure --with-mpfr=/home/parisse/numworks --with-gmp=/home/parisse/numworks --host=arm-none-eabi

## --------- ##
## Platform. ##
## --------- ##

hostname = parisse-VirtualBox
uname -m = x86_64
uname -r = 5.0.0-23-generic
uname -s = Linux
uname -v = #24-Ubuntu SMP Mon Jul 29 15:36:44 UTC 2019

/usr/bin/uname -p = x86_64
/bin/uname -X     = unknown

/bin/arch              = x86_64
/usr/bin/arch -k       = unknown
/usr/convex/getsysinfo = unknown
/usr/bin/hostinfo      = unknown
/bin/machine           = unknown
/usr/bin/oslevel       = unknown
/bin/universe          = unknown

PATH: /home/parisse/emsdk
PATH: /home/parisse/emsdk/fastcomp/emscripten
PATH: /home/parisse/emsdk/node/8.9.1_64bit/bin
PATH: /usr/local/sbin
PATH: /usr/local/bin
PATH: /usr/sbin
PATH: /usr/bin
PATH: /sbin
PATH: /bin
PATH: /usr/games
PATH: /usr/local/games
PATH: /snap/bin


## ----------- ##
## Core tests. ##
## ----------- ##

configure:2328: checking for arm-none-eabi-gcc
configure:2355: result: /usr/bin/arm-none-eabi-gcc
configure:2624: checking for C compiler version
configure:2633: /usr/bin/arm-none-eabi-gcc --version >&5
arm-none-eabi-gcc (15:7-2018-q2-6) 7.3.1 20180622 (release) [ARM/embedded-7-branch revision 261907]
Copyright (C) 2017 Free Software Foundation, Inc.
This is free software; see the source for copying conditions.  There is NO
warranty; not even for MERCHANTABILITY or FITNESS FOR A PARTICULAR PURPOSE.

configure:2644: $? = 0
configure:2633: /usr/bin/arm-none-eabi-gcc -v >&5
Using built-in specs.
COLLECT_GCC=/usr/bin/arm-none-eabi-gcc
COLLECT_LTO_WRAPPER=/usr/lib/gcc/arm-none-eabi/7.3.1/lto-wrapper
Target: arm-none-eabi
Configured with: ../configure --build=x86_64-linux-gnu --prefix=/usr --includedir='/usr/lib/include' --mandir='/usr/lib/share/man' --infodir='/usr/lib/share/info' --sysconfdir=/etc --localstatedir=/var --disable-silent-rules --libdir='/usr/lib/lib/x86_64-linux-gnu' --libexecdir='/usr/lib/lib/x86_64-linux-gnu' --disable-maintainer-mode --disable-dependency-tracking --mandir=/usr/share/man --enable-languages=c,c++,lto --enable-multilib --disable-decimal-float --disable-libffi --disable-libgomp --disable-libmudflap --disable-libquadmath --disable-libssp --disable-libstdcxx-pch --disable-nls --disable-shared --disable-threads --disable-tls --build=x86_64-linux-gnu --target=arm-none-eabi --with-system-zlib --with-gnu-as --with-gnu-ld --with-pkgversion=15:7-2018-q2-6 --without-included-gettext --prefix=/usr/lib --infodir=/usr/share/doc/gcc-arm-none-eabi/info --htmldir=/usr/share/doc/gcc-arm-none-eabi/html --pdfdir=/usr/share/doc/gcc-arm-none-eabi/pdf --bindir=/usr/bin --libexecdir=/usr/lib --libdir=/usr/lib --disable-libstdc++-v3 --host=x86_64-linux-gnu --with-headers=no --without-newlib --with-multilib-list=rmprofile CFLAGS='-g -O2 -fdebug-prefix-map=/build/gcc-arm-none-eabi-76K7U5/gcc-arm-none-eabi-7-2018-q2=. -fstack-protector-strong' CPPFLAGS='-Wdate-time -D_FORTIFY_SOURCE=2' CXXFLAGS='-g -O2 -fdebug-prefix-map=/build/gcc-arm-none-eabi-76K7U5/gcc-arm-none-eabi-7-2018-q2=. -fstack-protector-strong' FCFLAGS='-g -O2 -fdebug-prefix-map=/build/gcc-arm-none-eabi-76K7U5/gcc-arm-none-eabi-7-2018-q2=. -fstack-protector-strong' FFLAGS='-g -O2 -fdebug-prefix-map=/build/gcc-arm-none-eabi-76K7U5/gcc-arm-none-eabi-7-2018-q2=. -fstack-protector-strong' GCJFLAGS='-g -O2 -fdebug-prefix-map=/build/gcc-arm-none-eabi-76K7U5/gcc-arm-none-eabi-7-2018-q2=. -fstack-protector-strong' LDFLAGS='-Wl,-Bsymbolic-functions -Wl,-z,relro' OBJCFLAGS='-g -O2 -fdebug-prefix-map=/build/gcc-arm-none-eabi-76K7U5/gcc-arm-none-eabi-7-2018-q2=. -fstack-protector-strong' OBJCXXFLAGS='-g -O2 -fdebug-prefix-map=/build/gcc-arm-none-eabi-76K7U5/gcc-arm-none-eabi-7-2018-q2=. -fstack-protector-strong' INHIBIT_LIBC_CFLAGS=-DUSE_TM_CLONE_REGISTRY=0 AR_FOR_TARGET=arm-none-eabi-ar AS_FOR_TARGET=arm-none-eabi-as LD_FOR_TARGET=arm-none-eabi-ld NM_FOR_TARGET=arm-none-eabi-nm OBJDUMP_FOR_TARGET=arm-none-eabi-objdump RANLIB_FOR_TARGET=arm-none-eabi-ranlib READELF_FOR_TARGET=arm-none-eabi-readelf STRIP_FOR_TARGET=arm-none-eabi-strip
Thread model: single
gcc version 7.3.1 20180622 (release) [ARM/embedded-7-branch revision 261907] (15:7-2018-q2-6) 
configure:2644: $? = 0
configure:2633: /usr/bin/arm-none-eabi-gcc -V >&5
arm-none-eabi-gcc: error: unrecognized command line option '-V'
arm-none-eabi-gcc: fatal error: no input files
compilation terminated.
configure:2644: $? = 1
configure:2633: /usr/bin/arm-none-eabi-gcc -qversion >&5
arm-none-eabi-gcc: error: unrecognized command line option '-qversion'; did you mean '--version'?
arm-none-eabi-gcc: fatal error: no input files
compilation terminated.
configure:2644: $? = 1
configure:2664: checking whether the C compiler works
configure:2686: /usr/bin/arm-none-eabi-gcc -mthumb -march=armv7e-m -mfloat-abi=hard  -mcpu=cortex-m7 -mfpu=fpv5-sp-d16  -fdata-sections -ffunction-sections -fno-strict-aliasing -nostdlib -L/usr/lib/gcc/arm-none-eabi/7.3.1/thumb/v7e-m/fpv4-sp/hard/ -I/home/parisse/numworks/include  /usr/lib/gcc/arm-none-eabi/7.3.1/thumb/v7e-m/fpv4-sp/hard/libgcc.a conftest.c -lc -lgcc -lnosys >&5
/usr/lib/gcc/arm-none-eabi/7.3.1/../../../arm-none-eabi/bin/ld: warning: cannot find entry symbol _start; defaulting to 0000000000008000
configure:2690: $? = 0
configure:2738: result: yes
configure:2741: checking for C compiler default output file name
configure:2743: result: a.out
configure:2749: checking for suffix of executables
configure:2756: /usr/bin/arm-none-eabi-gcc -o conftest -mthumb -march=armv7e-m -mfloat-abi=hard  -mcpu=cortex-m7 -mfpu=fpv5-sp-d16  -fdata-sections -ffunction-sections -fno-strict-aliasing -nostdlib -L/usr/lib/gcc/arm-none-eabi/7.3.1/thumb/v7e-m/fpv4-sp/hard/ -I/home/parisse/numworks/include  /usr/lib/gcc/arm-none-eabi/7.3.1/thumb/v7e-m/fpv4-sp/hard/libgcc.a conftest.c -lc -lgcc -lnosys >&5
/usr/lib/gcc/arm-none-eabi/7.3.1/../../../arm-none-eabi/bin/ld: warning: cannot find entry symbol _start; defaulting to 0000000000008000
configure:2760: $? = 0
configure:2782: result: 
configure:2804: checking whether we are cross compiling
configure:2812: /usr/bin/arm-none-eabi-gcc -o conftest -mthumb -march=armv7e-m -mfloat-abi=hard  -mcpu=cortex-m7 -mfpu=fpv5-sp-d16  -fdata-sections -ffunction-sections -fno-strict-aliasing -nostdlib -L/usr/lib/gcc/arm-none-eabi/7.3.1/thumb/v7e-m/fpv4-sp/hard/ -I/home/parisse/numworks/include  /usr/lib/gcc/arm-none-eabi/7.3.1/thumb/v7e-m/fpv4-sp/hard/libgcc.a conftest.c -lc -lgcc -lnosys >&5
/usr/lib/gcc/arm-none-eabi/7.3.1/../../../arm-none-eabi/bin/ld: warning: cannot find entry symbol _start; defaulting to 0000000000008000
configure:2816: $? = 0
configure:2823: ./conftest
./configure: line 2825: ./conftest: cannot execute binary file: Exec format error
configure:2827: $? = 126
configure:2815: result: yes
configure:2820: checking for suffix of object files
configure:2842: /usr/bin/arm-none-eabi-gcc -c -mthumb -march=armv7e-m -mfloat-abi=hard  -mcpu=cortex-m7 -mfpu=fpv5-sp-d16  -fdata-sections -ffunction-sections -fno-strict-aliasing -nostdlib -L/usr/lib/gcc/arm-none-eabi/7.3.1/thumb/v7e-m/fpv4-sp/hard/ -I/home/parisse/numworks/include  conftest.c >&5
configure:2846: $? = 0
configure:2867: result: o
configure:2871: checking whether we are using the GNU C compiler
configure:2890: /usr/bin/arm-none-eabi-gcc -c -mthumb -march=armv7e-m -mfloat-abi=hard  -mcpu=cortex-m7 -mfpu=fpv5-sp-d16  -fdata-sections -ffunction-sections -fno-strict-aliasing -nostdlib -L/usr/lib/gcc/arm-none-eabi/7.3.1/thumb/v7e-m/fpv4-sp/hard/ -I/home/parisse/numworks/include  conftest.c >&5
configure:2890: $? = 0
configure:2899: result: yes
configure:2908: checking whether /usr/bin/arm-none-eabi-gcc accepts -g
configure:2928: /usr/bin/arm-none-eabi-gcc -c -g  conftest.c >&5
configure:2928: $? = 0
configure:2969: result: yes
configure:2986: checking for /usr/bin/arm-none-eabi-gcc option to accept ISO C89
configure:3049: /usr/bin/arm-none-eabi-gcc  -c -mthumb -march=armv7e-m -mfloat-abi=hard  -mcpu=cortex-m7 -mfpu=fpv5-sp-d16  -fdata-sections -ffunction-sections -fno-strict-aliasing -nostdlib -L/usr/lib/gcc/arm-none-eabi/7.3.1/thumb/v7e-m/fpv4-sp/hard/ -I/home/parisse/numworks/include  conftest.c >&5
configure:3049: $? = 0
configure:3062: result: none needed
configure:3087: checking whether /usr/bin/arm-none-eabi-gcc understands -c and -o together
configure:3109: /usr/bin/arm-none-eabi-gcc -c conftest.c -o conftest2.o
configure:3112: $? = 0
configure:3109: /usr/bin/arm-none-eabi-gcc -c conftest.c -o conftest2.o
configure:3112: $? = 0
configure:3124: result: yes
configure:3147: checking how to run the C preprocessor
configure:3178: /usr/bin/arm-none-eabi-gcc -E  conftest.c
configure:3178: $? = 0
configure:3192: /usr/bin/arm-none-eabi-gcc -E  conftest.c
conftest.c:9:10: fatal error: ac_nonexistent.h: No such file or directory
 #include <ac_nonexistent.h>
          ^~~~~~~~~~~~~~~~~~
compilation terminated.
configure:3192: $? = 1
configure: failed program was:
| /* confdefs.h */
| #define PACKAGE_NAME "mpfi"
| #define PACKAGE_TARNAME "mpfi"
| #define PACKAGE_VERSION "1.5.3"
| #define PACKAGE_STRING "mpfi 1.5.3"
| #define PACKAGE_BUGREPORT "mpfi-users@lists.gforge.inria.fr"
| #define PACKAGE_URL "https://gforge.inria.fr/projects/mpfi/"
| /* end confdefs.h.  */
| #include <ac_nonexistent.h>
configure:3217: result: /usr/bin/arm-none-eabi-gcc -E
configure:3237: /usr/bin/arm-none-eabi-gcc -E  conftest.c
configure:3237: $? = 0
configure:3251: /usr/bin/arm-none-eabi-gcc -E  conftest.c
conftest.c:9:10: fatal error: ac_nonexistent.h: No such file or directory
 #include <ac_nonexistent.h>
          ^~~~~~~~~~~~~~~~~~
compilation terminated.
configure:3251: $? = 1
configure: failed program was:
| /* confdefs.h */
| #define PACKAGE_NAME "mpfi"
| #define PACKAGE_TARNAME "mpfi"
| #define PACKAGE_VERSION "1.5.3"
| #define PACKAGE_STRING "mpfi 1.5.3"
| #define PACKAGE_BUGREPORT "mpfi-users@lists.gforge.inria.fr"
| #define PACKAGE_URL "https://gforge.inria.fr/projects/mpfi/"
| /* end confdefs.h.  */
| #include <ac_nonexistent.h>
configure:3280: checking for grep that handles long lines and -e
configure:3338: result: /usr/bin/grep
configure:3343: checking for egrep
configure:3405: result: /usr/bin/grep -E
configure:3410: checking for ANSI C header files
configure:3430: /usr/bin/arm-none-eabi-gcc -c -mthumb -march=armv7e-m -mfloat-abi=hard  -mcpu=cortex-m7 -mfpu=fpv5-sp-d16  -fdata-sections -ffunction-sections -fno-strict-aliasing -nostdlib -L/usr/lib/gcc/arm-none-eabi/7.3.1/thumb/v7e-m/fpv4-sp/hard/ -I/home/parisse/numworks/include  conftest.c >&5
configure:3430: $? = 0
configure:3514: result: yes
configure:3527: checking for sys/types.h
configure:3527: /usr/bin/arm-none-eabi-gcc -c -mthumb -march=armv7e-m -mfloat-abi=hard  -mcpu=cortex-m7 -mfpu=fpv5-sp-d16  -fdata-sections -ffunction-sections -fno-strict-aliasing -nostdlib -L/usr/lib/gcc/arm-none-eabi/7.3.1/thumb/v7e-m/fpv4-sp/hard/ -I/home/parisse/numworks/include  conftest.c >&5
configure:3527: $? = 0
configure:3527: result: yes
configure:3527: checking for sys/stat.h
configure:3527: /usr/bin/arm-none-eabi-gcc -c -mthumb -march=armv7e-m -mfloat-abi=hard  -mcpu=cortex-m7 -mfpu=fpv5-sp-d16  -fdata-sections -ffunction-sections -fno-strict-aliasing -nostdlib -L/usr/lib/gcc/arm-none-eabi/7.3.1/thumb/v7e-m/fpv4-sp/hard/ -I/home/parisse/numworks/include  conftest.c >&5
configure:3527: $? = 0
configure:3527: result: yes
configure:3527: checking for stdlib.h
configure:3527: /usr/bin/arm-none-eabi-gcc -c -mthumb -march=armv7e-m -mfloat-abi=hard  -mcpu=cortex-m7 -mfpu=fpv5-sp-d16  -fdata-sections -ffunction-sections -fno-strict-aliasing -nostdlib -L/usr/lib/gcc/arm-none-eabi/7.3.1/thumb/v7e-m/fpv4-sp/hard/ -I/home/parisse/numworks/include  conftest.c >&5
configure:3527: $? = 0
configure:3527: result: yes
configure:3527: checking for string.h
configure:3527: /usr/bin/arm-none-eabi-gcc -c -mthumb -march=armv7e-m -mfloat-abi=hard  -mcpu=cortex-m7 -mfpu=fpv5-sp-d16  -fdata-sections -ffunction-sections -fno-strict-aliasing -nostdlib -L/usr/lib/gcc/arm-none-eabi/7.3.1/thumb/v7e-m/fpv4-sp/hard/ -I/home/parisse/numworks/include  conftest.c >&5
configure:3527: $? = 0
configure:3527: result: yes
configure:3527: checking for memory.h
configure:3527: /usr/bin/arm-none-eabi-gcc -c -mthumb -march=armv7e-m -mfloat-abi=hard  -mcpu=cortex-m7 -mfpu=fpv5-sp-d16  -fdata-sections -ffunction-sections -fno-strict-aliasing -nostdlib -L/usr/lib/gcc/arm-none-eabi/7.3.1/thumb/v7e-m/fpv4-sp/hard/ -I/home/parisse/numworks/include  conftest.c >&5
configure:3527: $? = 0
configure:3527: result: yes
configure:3527: checking for strings.h
configure:3527: /usr/bin/arm-none-eabi-gcc -c -mthumb -march=armv7e-m -mfloat-abi=hard  -mcpu=cortex-m7 -mfpu=fpv5-sp-d16  -fdata-sections -ffunction-sections -fno-strict-aliasing -nostdlib -L/usr/lib/gcc/arm-none-eabi/7.3.1/thumb/v7e-m/fpv4-sp/hard/ -I/home/parisse/numworks/include  conftest.c >&5
configure:3527: $? = 0
configure:3527: result: yes
configure:3527: checking for inttypes.h
configure:3527: /usr/bin/arm-none-eabi-gcc -c -mthumb -march=armv7e-m -mfloat-abi=hard  -mcpu=cortex-m7 -mfpu=fpv5-sp-d16  -fdata-sections -ffunction-sections -fno-strict-aliasing -nostdlib -L/usr/lib/gcc/arm-none-eabi/7.3.1/thumb/v7e-m/fpv4-sp/hard/ -I/home/parisse/numworks/include  conftest.c >&5
configure:3527: $? = 0
configure:3527: result: yes
configure:3527: checking for stdint.h
configure:3527: /usr/bin/arm-none-eabi-gcc -c -mthumb -march=armv7e-m -mfloat-abi=hard  -mcpu=cortex-m7 -mfpu=fpv5-sp-d16  -fdata-sections -ffunction-sections -fno-strict-aliasing -nostdlib -L/usr/lib/gcc/arm-none-eabi/7.3.1/thumb/v7e-m/fpv4-sp/hard/ -I/home/parisse/numworks/include  conftest.c >&5
configure:3527: $? = 0
configure:3527: result: yes
configure:3527: checking for unistd.h
configure:3527: /usr/bin/arm-none-eabi-gcc -c -mthumb -march=armv7e-m -mfloat-abi=hard  -mcpu=cortex-m7 -mfpu=fpv5-sp-d16  -fdata-sections -ffunction-sections -fno-strict-aliasing -nostdlib -L/usr/lib/gcc/arm-none-eabi/7.3.1/thumb/v7e-m/fpv4-sp/hard/ -I/home/parisse/numworks/include  conftest.c >&5
configure:3527: $? = 0
configure:3527: result: yes
configure:3540: checking minix/config.h usability
configure:3540: /usr/bin/arm-none-eabi-gcc -c -mthumb -march=armv7e-m -mfloat-abi=hard  -mcpu=cortex-m7 -mfpu=fpv5-sp-d16  -fdata-sections -ffunction-sections -fno-strict-aliasing -nostdlib -L/usr/lib/gcc/arm-none-eabi/7.3.1/thumb/v7e-m/fpv4-sp/hard/ -I/home/parisse/numworks/include  conftest.c >&5
conftest.c:52:10: fatal error: minix/config.h: No such file or directory
 #include <minix/config.h>
          ^~~~~~~~~~~~~~~~
compilation terminated.
configure:3540: $? = 1
configure: failed program was:
| /* confdefs.h */
| #define PACKAGE_NAME "mpfi"
| #define PACKAGE_TARNAME "mpfi"
| #define PACKAGE_VERSION "1.5.3"
| #define PACKAGE_STRING "mpfi 1.5.3"
| #define PACKAGE_BUGREPORT "mpfi-users@lists.gforge.inria.fr"
| #define PACKAGE_URL "https://gforge.inria.fr/projects/mpfi/"
| #define STDC_HEADERS 1
| #define HAVE_SYS_TYPES_H 1
| #define HAVE_SYS_STAT_H 1
| #define HAVE_STDLIB_H 1
| #define HAVE_STRING_H 1
| #define HAVE_MEMORY_H 1
| #define HAVE_STRINGS_H 1
| #define HAVE_INTTYPES_H 1
| #define HAVE_STDINT_H 1
| #define HAVE_UNISTD_H 1
| /* end confdefs.h.  */
| #include <stdio.h>
| #ifdef HAVE_SYS_TYPES_H
| # include <sys/types.h>
| #endif
| #ifdef HAVE_SYS_STAT_H
| # include <sys/stat.h>
| #endif
| #ifdef STDC_HEADERS
| # include <stdlib.h>
| # include <stddef.h>
| #else
| # ifdef HAVE_STDLIB_H
| #  include <stdlib.h>
| # endif
| #endif
| #ifdef HAVE_STRING_H
| # if !defined STDC_HEADERS && defined HAVE_MEMORY_H
| #  include <memory.h>
| # endif
| # include <string.h>
| #endif
| #ifdef HAVE_STRINGS_H
| # include <strings.h>
| #endif
| #ifdef HAVE_INTTYPES_H
| # include <inttypes.h>
| #endif
| #ifdef HAVE_STDINT_H
| # include <stdint.h>
| #endif
| #ifdef HAVE_UNISTD_H
| # include <unistd.h>
| #endif
| #include <minix/config.h>
configure:3540: result: no
configure:3540: checking minix/config.h presence
configure:3540: /usr/bin/arm-none-eabi-gcc -E  conftest.c
conftest.c:19:10: fatal error: minix/config.h: No such file or directory
 #include <minix/config.h>
          ^~~~~~~~~~~~~~~~
compilation terminated.
configure:3540: $? = 1
configure: failed program was:
| /* confdefs.h */
| #define PACKAGE_NAME "mpfi"
| #define PACKAGE_TARNAME "mpfi"
| #define PACKAGE_VERSION "1.5.3"
| #define PACKAGE_STRING "mpfi 1.5.3"
| #define PACKAGE_BUGREPORT "mpfi-users@lists.gforge.inria.fr"
| #define PACKAGE_URL "https://gforge.inria.fr/projects/mpfi/"
| #define STDC_HEADERS 1
| #define HAVE_SYS_TYPES_H 1
| #define HAVE_SYS_STAT_H 1
| #define HAVE_STDLIB_H 1
| #define HAVE_STRING_H 1
| #define HAVE_MEMORY_H 1
| #define HAVE_STRINGS_H 1
| #define HAVE_INTTYPES_H 1
| #define HAVE_STDINT_H 1
| #define HAVE_UNISTD_H 1
| /* end confdefs.h.  */
| #include <minix/config.h>
configure:3540: result: no
configure:3540: checking for minix/config.h
configure:3540: result: no
configure:3561: checking whether it is safe to define __EXTENSIONS__
configure:3579: /usr/bin/arm-none-eabi-gcc -c -mthumb -march=armv7e-m -mfloat-abi=hard  -mcpu=cortex-m7 -mfpu=fpv5-sp-d16  -fdata-sections -ffunction-sections -fno-strict-aliasing -nostdlib -L/usr/lib/gcc/arm-none-eabi/7.3.1/thumb/v7e-m/fpv4-sp/hard/ -I/home/parisse/numworks/include  conftest.c >&5
configure:3579: $? = 0
configure:3586: result: yes
configure:3616: checking for a BSD-compatible install
configure:3684: result: /usr/bin/install -c
configure:3695: checking whether build environment is sane
configure:3750: result: yes
configure:3804: checking for arm-none-eabi-strip
configure:3820: found /usr/bin/arm-none-eabi-strip
configure:3831: result: arm-none-eabi-strip
configure:3896: checking for a thread-safe mkdir -p
configure:3935: result: /usr/bin/mkdir -p
configure:3942: checking for gawk
configure:3972: result: no
configure:3942: checking for mawk
configure:3958: found /usr/bin/mawk
configure:3969: result: mawk
configure:3980: checking whether make sets $(MAKE)
configure:4002: result: yes
configure:4032: checking for style of include used by make
configure:4060: result: GNU
configure:4094: checking whether make supports nested variables
configure:4111: result: yes
configure:4196: checking dependency style of /usr/bin/arm-none-eabi-gcc
configure:4307: result: gcc3
configure:4376: checking whether make supports nested variables
configure:4393: result: yes
configure:4405: checking whether to enable maintainer-specific portions of Makefiles
configure:4414: result: no
configure:4494: checking for arm-none-eabi-gcc
configure:4521: result: /usr/bin/arm-none-eabi-gcc
configure:4790: checking for C compiler version
configure:4799: /usr/bin/arm-none-eabi-gcc --version >&5
arm-none-eabi-gcc (15:7-2018-q2-6) 7.3.1 20180622 (release) [ARM/embedded-7-branch revision 261907]
Copyright (C) 2017 Free Software Foundation, Inc.
This is free software; see the source for copying conditions.  There is NO
warranty; not even for MERCHANTABILITY or FITNESS FOR A PARTICULAR PURPOSE.

configure:4810: $? = 0
configure:4799: /usr/bin/arm-none-eabi-gcc -v >&5
Using built-in specs.
COLLECT_GCC=/usr/bin/arm-none-eabi-gcc
COLLECT_LTO_WRAPPER=/usr/lib/gcc/arm-none-eabi/7.3.1/lto-wrapper
Target: arm-none-eabi
Configured with: ../configure --build=x86_64-linux-gnu --prefix=/usr --includedir='/usr/lib/include' --mandir='/usr/lib/share/man' --infodir='/usr/lib/share/info' --sysconfdir=/etc --localstatedir=/var --disable-silent-rules --libdir='/usr/lib/lib/x86_64-linux-gnu' --libexecdir='/usr/lib/lib/x86_64-linux-gnu' --disable-maintainer-mode --disable-dependency-tracking --mandir=/usr/share/man --enable-languages=c,c++,lto --enable-multilib --disable-decimal-float --disable-libffi --disable-libgomp --disable-libmudflap --disable-libquadmath --disable-libssp --disable-libstdcxx-pch --disable-nls --disable-shared --disable-threads --disable-tls --build=x86_64-linux-gnu --target=arm-none-eabi --with-system-zlib --with-gnu-as --with-gnu-ld --with-pkgversion=15:7-2018-q2-6 --without-included-gettext --prefix=/usr/lib --infodir=/usr/share/doc/gcc-arm-none-eabi/info --htmldir=/usr/share/doc/gcc-arm-none-eabi/html --pdfdir=/usr/share/doc/gcc-arm-none-eabi/pdf --bindir=/usr/bin --libexecdir=/usr/lib --libdir=/usr/lib --disable-libstdc++-v3 --host=x86_64-linux-gnu --with-headers=no --without-newlib --with-multilib-list=rmprofile CFLAGS='-g -O2 -fdebug-prefix-map=/build/gcc-arm-none-eabi-76K7U5/gcc-arm-none-eabi-7-2018-q2=. -fstack-protector-strong' CPPFLAGS='-Wdate-time -D_FORTIFY_SOURCE=2' CXXFLAGS='-g -O2 -fdebug-prefix-map=/build/gcc-arm-none-eabi-76K7U5/gcc-arm-none-eabi-7-2018-q2=. -fstack-protector-strong' FCFLAGS='-g -O2 -fdebug-prefix-map=/build/gcc-arm-none-eabi-76K7U5/gcc-arm-none-eabi-7-2018-q2=. -fstack-protector-strong' FFLAGS='-g -O2 -fdebug-prefix-map=/build/gcc-arm-none-eabi-76K7U5/gcc-arm-none-eabi-7-2018-q2=. -fstack-protector-strong' GCJFLAGS='-g -O2 -fdebug-prefix-map=/build/gcc-arm-none-eabi-76K7U5/gcc-arm-none-eabi-7-2018-q2=. -fstack-protector-strong' LDFLAGS='-Wl,-Bsymbolic-functions -Wl,-z,relro' OBJCFLAGS='-g -O2 -fdebug-prefix-map=/build/gcc-arm-none-eabi-76K7U5/gcc-arm-none-eabi-7-2018-q2=. -fstack-protector-strong' OBJCXXFLAGS='-g -O2 -fdebug-prefix-map=/build/gcc-arm-none-eabi-76K7U5/gcc-arm-none-eabi-7-2018-q2=. -fstack-protector-strong' INHIBIT_LIBC_CFLAGS=-DUSE_TM_CLONE_REGISTRY=0 AR_FOR_TARGET=arm-none-eabi-ar AS_FOR_TARGET=arm-none-eabi-as LD_FOR_TARGET=arm-none-eabi-ld NM_FOR_TARGET=arm-none-eabi-nm OBJDUMP_FOR_TARGET=arm-none-eabi-objdump RANLIB_FOR_TARGET=arm-none-eabi-ranlib READELF_FOR_TARGET=arm-none-eabi-readelf STRIP_FOR_TARGET=arm-none-eabi-strip
Thread model: single
gcc version 7.3.1 20180622 (release) [ARM/embedded-7-branch revision 261907] (15:7-2018-q2-6) 
configure:4810: $? = 0
configure:4799: /usr/bin/arm-none-eabi-gcc -V >&5
arm-none-eabi-gcc: error: unrecognized command line option '-V'
arm-none-eabi-gcc: fatal error: no input files
compilation terminated.
configure:4810: $? = 1
configure:4799: /usr/bin/arm-none-eabi-gcc -qversion >&5
arm-none-eabi-gcc: error: unrecognized command line option '-qversion'; did you mean '--version'?
arm-none-eabi-gcc: fatal error: no input files
compilation terminated.
configure:4810: $? = 1
configure:4814: checking whether we are using the GNU C compiler
configure:4842: result: yes
configure:4851: checking whether /usr/bin/arm-none-eabi-gcc accepts -g
configure:4912: result: yes
configure:4929: checking for /usr/bin/arm-none-eabi-gcc option to accept ISO C89
configure:5005: result: none needed
configure:5030: checking whether /usr/bin/arm-none-eabi-gcc understands -c and -o together
configure:5067: result: yes
configure:5089: checking how to run the C preprocessor
configure:5159: result: /usr/bin/arm-none-eabi-gcc -E
configure:5179: /usr/bin/arm-none-eabi-gcc -E -I/home/parisse/numworks/include -I/home/parisse/numworks/include  conftest.c
configure:5179: $? = 0
configure:5193: /usr/bin/arm-none-eabi-gcc -E -I/home/parisse/numworks/include -I/home/parisse/numworks/include  conftest.c
conftest.c:26:10: fatal error: ac_nonexistent.h: No such file or directory
 #include <ac_nonexistent.h>
          ^~~~~~~~~~~~~~~~~~
compilation terminated.
configure:5193: $? = 1
configure: failed program was:
| /* confdefs.h */
| #define PACKAGE_NAME "mpfi"
| #define PACKAGE_TARNAME "mpfi"
| #define PACKAGE_VERSION "1.5.3"
| #define PACKAGE_STRING "mpfi 1.5.3"
| #define PACKAGE_BUGREPORT "mpfi-users@lists.gforge.inria.fr"
| #define PACKAGE_URL "https://gforge.inria.fr/projects/mpfi/"
| #define STDC_HEADERS 1
| #define HAVE_SYS_TYPES_H 1
| #define HAVE_SYS_STAT_H 1
| #define HAVE_STDLIB_H 1
| #define HAVE_STRING_H 1
| #define HAVE_MEMORY_H 1
| #define HAVE_STRINGS_H 1
| #define HAVE_INTTYPES_H 1
| #define HAVE_STDINT_H 1
| #define HAVE_UNISTD_H 1
| #define __EXTENSIONS__ 1
| #define _ALL_SOURCE 1
| #define _GNU_SOURCE 1
| #define _POSIX_PTHREAD_SEMANTICS 1
| #define _TANDEM_SOURCE 1
| #define PACKAGE "mpfi"
| #define VERSION "1.5.3"
| /* end confdefs.h.  */
| #include <ac_nonexistent.h>
configure:5222: checking whether ln -s works
configure:5226: result: yes
configure:5233: checking whether make sets $(MAKE)
configure:5255: result: yes
configure:5269: checking for arm-none-eabi-ar
configure:5285: found /usr/bin/arm-none-eabi-ar
configure:5296: result: arm-none-eabi-ar
configure:5366: checking the archiver (arm-none-eabi-ar) interface
configure:5382: /usr/bin/arm-none-eabi-gcc -c -mthumb -march=armv7e-m -mfloat-abi=hard  -mcpu=cortex-m7 -mfpu=fpv5-sp-d16  -fdata-sections -ffunction-sections -fno-strict-aliasing -nostdlib -L/usr/lib/gcc/arm-none-eabi/7.3.1/thumb/v7e-m/fpv4-sp/hard/ -I/home/parisse/numworks/include -I/home/parisse/numworks/include -I/home/parisse/numworks/include  conftest.c >&5
configure:5382: $? = 0
configure:5384: arm-none-eabi-ar cru libconftest.a conftest.o >&5
configure:5387: $? = 0
configure:5386: result: ar
configure:5435: checking build system type
configure:5449: result: x86_64-unknown-linux-gnu
configure:5469: checking host system type
configure:5482: result: arm-none-eabi
configure:5523: checking how to print strings
configure:5550: result: printf
configure:5571: checking for a sed that does not truncate output
configure:5635: result: /usr/bin/sed
configure:5653: checking for fgrep
configure:5715: result: /usr/bin/grep -F
configure:5750: checking for ld used by /usr/bin/arm-none-eabi-gcc
configure:5817: result: /usr/lib/arm-none-eabi/bin/ld
configure:5824: checking if the linker (/usr/lib/arm-none-eabi/bin/ld) is GNU ld
configure:5839: result: yes
configure:5851: checking for BSD- or MS-compatible name lister (nm)
configure:5905: result: /usr/bin/arm-none-eabi-nm -B
configure:6035: checking the name lister (/usr/bin/arm-none-eabi-nm -B) interface
configure:6042: /usr/bin/arm-none-eabi-gcc -c -mthumb -march=armv7e-m -mfloat-abi=hard  -mcpu=cortex-m7 -mfpu=fpv5-sp-d16  -fdata-sections -ffunction-sections -fno-strict-aliasing -nostdlib -L/usr/lib/gcc/arm-none-eabi/7.3.1/thumb/v7e-m/fpv4-sp/hard/ -I/home/parisse/numworks/include -I/home/parisse/numworks/include -I/home/parisse/numworks/include  conftest.c >&5
configure:6045: /usr/bin/arm-none-eabi-nm -B "conftest.o"
configure:6048: output
00000000 B some_variable
configure:6049: result: BSD nm
configure:6053: checking the maximum length of command line arguments
configure:6184: result: 1572864
configure:6232: checking how to convert x86_64-unknown-linux-gnu file names to arm-none-eabi format
configure:6272: result: func_convert_file_noop
configure:6279: checking how to convert x86_64-unknown-linux-gnu file names to toolchain format
configure:6299: result: func_convert_file_noop
configure:6306: checking for /usr/lib/arm-none-eabi/bin/ld option to reload object files
configure:6313: result: -r
configure:6347: checking for arm-none-eabi-objdump
configure:6363: found /usr/bin/arm-none-eabi-objdump
configure:6374: result: arm-none-eabi-objdump
configure:6446: checking how to recognize dependent libraries
configure:6646: result: unknown
configure:6691: checking for arm-none-eabi-dlltool
configure:6721: result: no
configure:6731: checking for dlltool
configure:6761: result: no
configure:6791: checking how to associate runtime and link libraries
configure:6818: result: printf %s\n
configure:6834: checking for arm-none-eabi-ar
configure:6861: result: arm-none-eabi-ar
configure:6942: checking for archiver @FILE support
configure:6959: /usr/bin/arm-none-eabi-gcc -c -mthumb -march=armv7e-m -mfloat-abi=hard  -mcpu=cortex-m7 -mfpu=fpv5-sp-d16  -fdata-sections -ffunction-sections -fno-strict-aliasing -nostdlib -L/usr/lib/gcc/arm-none-eabi/7.3.1/thumb/v7e-m/fpv4-sp/hard/ -I/home/parisse/numworks/include -I/home/parisse/numworks/include -I/home/parisse/numworks/include  conftest.c >&5
configure:6959: $? = 0
configure:6962: arm-none-eabi-ar cru libconftest.a @conftest.lst >&5
configure:6965: $? = 0
configure:6970: arm-none-eabi-ar cru libconftest.a @conftest.lst >&5
arm-none-eabi-ar: conftest.o: No such file or directory
configure:6973: $? = 1
configure:6972: result: @
configure:6990: checking for arm-none-eabi-strip
configure:7017: result: arm-none-eabi-strip
configure:7089: checking for arm-none-eabi-ranlib
configure:7105: found /usr/bin/arm-none-eabi-ranlib
configure:7116: result: arm-none-eabi-ranlib
configure:7258: checking command to parse /usr/bin/arm-none-eabi-nm -B output from /usr/bin/arm-none-eabi-gcc object
configure:7411: /usr/bin/arm-none-eabi-gcc -c -mthumb -march=armv7e-m -mfloat-abi=hard  -mcpu=cortex-m7 -mfpu=fpv5-sp-d16  -fdata-sections -ffunction-sections -fno-strict-aliasing -nostdlib -L/usr/lib/gcc/arm-none-eabi/7.3.1/thumb/v7e-m/fpv4-sp/hard/ -I/home/parisse/numworks/include -I/home/parisse/numworks/include -I/home/parisse/numworks/include  conftest.c >&5
configure:7414: $? = 0
configure:7418: /usr/bin/arm-none-eabi-nm -B conftest.o \| sed -n -e 's/^.*[ ]\([ABCDGIRSTW][ABCDGIRSTW]*\)[ ][ ]*\([_A-Za-z][_A-Za-z0-9]*\)$/\1 \2 \2/p' | sed '/ __gnu_lto/d' \> conftest.nm
configure:7421: $? = 0
configure:7487: /usr/bin/arm-none-eabi-gcc -o conftest -mthumb -march=armv7e-m -mfloat-abi=hard  -mcpu=cortex-m7 -mfpu=fpv5-sp-d16  -fdata-sections -ffunction-sections -fno-strict-aliasing -nostdlib -L/usr/lib/gcc/arm-none-eabi/7.3.1/thumb/v7e-m/fpv4-sp/hard/ -I/home/parisse/numworks/include -I/home/parisse/numworks/include -I/home/parisse/numworks/include  -L/home/parisse/numworks/lib -L/home/parisse/numworks/lib /usr/lib/gcc/arm-none-eabi/7.3.1/thumb/v7e-m/fpv4-sp/hard/libgcc.a conftest.c conftstm.o >&5
/usr/lib/gcc/arm-none-eabi/7.3.1/../../../arm-none-eabi/bin/ld: warning: cannot find entry symbol _start; defaulting to 0000000000008000
configure:7490: $? = 0
configure:7528: result: ok
configure:7575: checking for sysroot
configure:7605: result: no
configure:7612: checking for a working dd
configure:7650: result: /usr/bin/dd
configure:7654: checking how to truncate binary pipes
configure:7669: result: /usr/bin/dd bs=4096 count=1
configure:7958: checking for arm-none-eabi-mt
configure:7988: result: no
configure:7998: checking for mt
configure:8014: found /usr/bin/mt
configure:8025: result: mt
configure:8037: WARNING: using cross tools not prefixed with host triplet
configure:8048: checking if mt is a manifest tool
configure:8054: mt '-?'
configure:8062: result: no
configure:8736: checking for dlfcn.h
configure:8736: /usr/bin/arm-none-eabi-gcc -c -mthumb -march=armv7e-m -mfloat-abi=hard  -mcpu=cortex-m7 -mfpu=fpv5-sp-d16  -fdata-sections -ffunction-sections -fno-strict-aliasing -nostdlib -L/usr/lib/gcc/arm-none-eabi/7.3.1/thumb/v7e-m/fpv4-sp/hard/ -I/home/parisse/numworks/include -I/home/parisse/numworks/include -I/home/parisse/numworks/include  conftest.c >&5
conftest.c:60:10: fatal error: dlfcn.h: No such file or directory
 #include <dlfcn.h>
          ^~~~~~~~~
compilation terminated.
configure:8736: $? = 1
configure: failed program was:
| /* confdefs.h */
| #define PACKAGE_NAME "mpfi"
| #define PACKAGE_TARNAME "mpfi"
| #define PACKAGE_VERSION "1.5.3"
| #define PACKAGE_STRING "mpfi 1.5.3"
| #define PACKAGE_BUGREPORT "mpfi-users@lists.gforge.inria.fr"
| #define PACKAGE_URL "https://gforge.inria.fr/projects/mpfi/"
| #define STDC_HEADERS 1
| #define HAVE_SYS_TYPES_H 1
| #define HAVE_SYS_STAT_H 1
| #define HAVE_STDLIB_H 1
| #define HAVE_STRING_H 1
| #define HAVE_MEMORY_H 1
| #define HAVE_STRINGS_H 1
| #define HAVE_INTTYPES_H 1
| #define HAVE_STDINT_H 1
| #define HAVE_UNISTD_H 1
| #define __EXTENSIONS__ 1
| #define _ALL_SOURCE 1
| #define _GNU_SOURCE 1
| #define _POSIX_PTHREAD_SEMANTICS 1
| #define _TANDEM_SOURCE 1
| #define PACKAGE "mpfi"
| #define VERSION "1.5.3"
| /* end confdefs.h.  */
| #include <stdio.h>
| #ifdef HAVE_SYS_TYPES_H
| # include <sys/types.h>
| #endif
| #ifdef HAVE_SYS_STAT_H
| # include <sys/stat.h>
| #endif
| #ifdef STDC_HEADERS
| # include <stdlib.h>
| # include <stddef.h>
| #else
| # ifdef HAVE_STDLIB_H
| #  include <stdlib.h>
| # endif
| #endif
| #ifdef HAVE_STRING_H
| # if !defined STDC_HEADERS && defined HAVE_MEMORY_H
| #  include <memory.h>
| # endif
| # include <string.h>
| #endif
| #ifdef HAVE_STRINGS_H
| # include <strings.h>
| #endif
| #ifdef HAVE_INTTYPES_H
| # include <inttypes.h>
| #endif
| #ifdef HAVE_STDINT_H
| # include <stdint.h>
| #endif
| #ifdef HAVE_UNISTD_H
| # include <unistd.h>
| #endif
| 
| #include <dlfcn.h>
configure:8736: result: no
configure:8992: checking for objdir
configure:9007: result: .libs
configure:9271: checking if /usr/bin/arm-none-eabi-gcc supports -fno-rtti -fno-exceptions
configure:9289: /usr/bin/arm-none-eabi-gcc -c -mthumb -march=armv7e-m -mfloat-abi=hard  -mcpu=cortex-m7 -mfpu=fpv5-sp-d16  -fdata-sections -ffunction-sections -fno-strict-aliasing -nostdlib -L/usr/lib/gcc/arm-none-eabi/7.3.1/thumb/v7e-m/fpv4-sp/hard/ -I/home/parisse/numworks/include -I/home/parisse/numworks/include -I/home/parisse/numworks/include  -fno-rtti -fno-exceptions conftest.c >&5
cc1: warning: command line option '-fno-rtti' is valid for C++/ObjC++ but not for C
configure:9293: $? = 0
configure:9306: result: no
configure:9664: checking for /usr/bin/arm-none-eabi-gcc option to produce PIC
configure:9671: result: -fPIC -DPIC
configure:9679: checking if /usr/bin/arm-none-eabi-gcc PIC flag -fPIC -DPIC works
configure:9697: /usr/bin/arm-none-eabi-gcc -c -mthumb -march=armv7e-m -mfloat-abi=hard  -mcpu=cortex-m7 -mfpu=fpv5-sp-d16  -fdata-sections -ffunction-sections -fno-strict-aliasing -nostdlib -L/usr/lib/gcc/arm-none-eabi/7.3.1/thumb/v7e-m/fpv4-sp/hard/ -I/home/parisse/numworks/include -I/home/parisse/numworks/include -I/home/parisse/numworks/include  -fPIC -DPIC -DPIC conftest.c >&5
configure:9701: $? = 0
configure:9714: result: yes
configure:9743: checking if /usr/bin/arm-none-eabi-gcc static flag -static works
/usr/lib/gcc/arm-none-eabi/7.3.1/../../../arm-none-eabi/bin/ld: warning: cannot find entry symbol _start; defaulting to 0000000000008000
configure:9771: result: yes
configure:9786: checking if /usr/bin/arm-none-eabi-gcc supports -c -o file.o
configure:9807: /usr/bin/arm-none-eabi-gcc -c -mthumb -march=armv7e-m -mfloat-abi=hard  -mcpu=cortex-m7 -mfpu=fpv5-sp-d16  -fdata-sections -ffunction-sections -fno-strict-aliasing -nostdlib -L/usr/lib/gcc/arm-none-eabi/7.3.1/thumb/v7e-m/fpv4-sp/hard/ -I/home/parisse/numworks/include -I/home/parisse/numworks/include -I/home/parisse/numworks/include  -o out/conftest2.o conftest.c >&5
configure:9811: $? = 0
configure:9833: result: yes
configure:9841: checking if /usr/bin/arm-none-eabi-gcc supports -c -o file.o
configure:9888: result: yes
configure:9921: checking whether the /usr/bin/arm-none-eabi-gcc linker (/usr/lib/arm-none-eabi/bin/ld) supports shared libraries
configure:11180: result: yes
configure:11217: checking whether -lc should be explicitly linked in
configure:11225: /usr/bin/arm-none-eabi-gcc -c -mthumb -march=armv7e-m -mfloat-abi=hard  -mcpu=cortex-m7 -mfpu=fpv5-sp-d16  -fdata-sections -ffunction-sections -fno-strict-aliasing -nostdlib -L/usr/lib/gcc/arm-none-eabi/7.3.1/thumb/v7e-m/fpv4-sp/hard/ -I/home/parisse/numworks/include -I/home/parisse/numworks/include -I/home/parisse/numworks/include  conftest.c >&5
configure:11228: $? = 0
configure:11243: /usr/bin/arm-none-eabi-gcc -shared  -fPIC -DPIC conftest.o  -v -Wl,-soname -Wl,conftest -o conftest 2\>\&1 \| /usr/bin/grep  -lc  \>/dev/null 2\>\&1
configure:11246: $? = 1
configure:11260: result: yes
configure:11420: checking dynamic linker characteristics
configure:12238: result: no
configure:12360: checking how to hardcode library paths into programs
configure:12385: result: immediate
configure:12933: checking whether stripping libraries is possible
configure:12938: result: yes
configure:12973: checking if libtool supports shared libraries
configure:12975: result: no
configure:12978: checking whether to build shared libraries
configure:13003: result: no
configure:13006: checking whether to build static libraries
configure:13010: result: yes
configure:9841: checking for gmp.h
configure:9849: /usr/bin/arm-none-eabi-gcc -c -mthumb -march=armv7e-m -mfloat-abi=hard  -mcpu=cortex-m7 -mfpu=fpv5-sp-d16  -fdata-sections -ffunction-sections -fno-strict-aliasing -nostdlib -L/usr/lib/gcc/arm-none-eabi/7.3.1/thumb/v7e-m/fpv4-sp/hard/ -I/home/parisse/numworks/include -I/home/parisse/numworks/include -I/home/parisse/numworks/include  conftest.c >&5
configure:9849: $? = 0
configure:9850: result: yes
configure:9861: checking for __gmpz_init in -lgmp
configure:9886: /usr/bin/arm-none-eabi-gcc -o conftest -mthumb -march=armv7e-m -mfloat-abi=hard  -mcpu=cortex-m7 -mfpu=fpv5-sp-d16  -fdata-sections -ffunction-sections -fno-strict-aliasing -nostdlib -L/usr/lib/gcc/arm-none-eabi/7.3.1/thumb/v7e-m/fpv4-sp/hard/ -I/home/parisse/numworks/include -I/home/parisse/numworks/include -I/home/parisse/numworks/include  -L/home/parisse/numworks/lib -L/home/parisse/numworks/lib /usr/lib/gcc/arm-none-eabi/7.3.1/thumb/v7e-m/fpv4-sp/hard/libgcc.a conftest.c -lgmp  -lc -lgcc -lnosys >&5
/usr/lib/gcc/arm-none-eabi/7.3.1/../../../arm-none-eabi/bin/ld: warning: cannot find entry symbol _start; defaulting to 0000000000008000
configure:9886: $? = 0
configure:9895: result: yes
configure:9904: checking for valid GMP
configure:9922: /usr/bin/arm-none-eabi-gcc -c -mthumb -march=armv7e-m -mfloat-abi=hard  -mcpu=cortex-m7 -mfpu=fpv5-sp-d16  -fdata-sections -ffunction-sections -fno-strict-aliasing -nostdlib -L/usr/lib/gcc/arm-none-eabi/7.3.1/thumb/v7e-m/fpv4-sp/hard/ -I/home/parisse/numworks/include -I/home/parisse/numworks/include -I/home/parisse/numworks/include  conftest.c >&5
configure:9922: $? = 0
configure:9923: result: yes
configure:9934: checking for mpfr.h
configure:9942: /usr/bin/arm-none-eabi-gcc -c -mthumb -march=armv7e-m -mfloat-abi=hard  -mcpu=cortex-m7 -mfpu=fpv5-sp-d16  -fdata-sections -ffunction-sections -fno-strict-aliasing -nostdlib -L/usr/lib/gcc/arm-none-eabi/7.3.1/thumb/v7e-m/fpv4-sp/hard/ -I/home/parisse/numworks/include -I/home/parisse/numworks/include -I/home/parisse/numworks/include  conftest.c >&5
configure:9942: $? = 0
configure:9943: result: yes
configure:9954: checking for mpfr_init in -lmpfr
configure:9979: /usr/bin/arm-none-eabi-gcc -o conftest -mthumb -march=armv7e-m -mfloat-abi=hard  -mcpu=cortex-m7 -mfpu=fpv5-sp-d16  -fdata-sections -ffunction-sections -fno-strict-aliasing -nostdlib -L/usr/lib/gcc/arm-none-eabi/7.3.1/thumb/v7e-m/fpv4-sp/hard/ -I/home/parisse/numworks/include -I/home/parisse/numworks/include -I/home/parisse/numworks/include  -L/home/parisse/numworks/lib -L/home/parisse/numworks/lib /usr/lib/gcc/arm-none-eabi/7.3.1/thumb/v7e-m/fpv4-sp/hard/libgcc.a conftest.c -lmpfr  -lgmp -lc -lgcc -lnosys >&5
/usr/lib/gcc/arm-none-eabi/7.3.1/../../../arm-none-eabi/bin/ld: warning: cannot find entry symbol _start; defaulting to 0000000000008000
configure:9979: $? = 0
configure:9988: result: yes
configure:9997: checking for valid MPFR
configure:10015: /usr/bin/arm-none-eabi-gcc -c -mthumb -march=armv7e-m -mfloat-abi=hard  -mcpu=cortex-m7 -mfpu=fpv5-sp-d16  -fdata-sections -ffunction-sections -fno-strict-aliasing -nostdlib -L/usr/lib/gcc/arm-none-eabi/7.3.1/thumb/v7e-m/fpv4-sp/hard/ -I/home/parisse/numworks/include -I/home/parisse/numworks/include -I/home/parisse/numworks/include  conftest.c >&5
configure:10015: $? = 0
configure:10016: result: yes
configure:10031: checking float.h usability
configure:10031: /usr/bin/arm-none-eabi-gcc -c -mthumb -march=armv7e-m -mfloat-abi=hard  -mcpu=cortex-m7 -mfpu=fpv5-sp-d16  -fdata-sections -ffunction-sections -fno-strict-aliasing -nostdlib -L/usr/lib/gcc/arm-none-eabi/7.3.1/thumb/v7e-m/fpv4-sp/hard/ -I/home/parisse/numworks/include -I/home/parisse/numworks/include -I/home/parisse/numworks/include  conftest.c >&5
configure:10031: $? = 0
configure:10031: result: yes
configure:10031: checking float.h presence
configure:10031: /usr/bin/arm-none-eabi-gcc -E -I/home/parisse/numworks/include -I/home/parisse/numworks/include  conftest.c
configure:10031: $? = 0
configure:10031: result: yes
configure:10031: checking for float.h
configure:10031: result: yes
configure:10031: checking limits.h usability
configure:10031: /usr/bin/arm-none-eabi-gcc -c -mthumb -march=armv7e-m -mfloat-abi=hard  -mcpu=cortex-m7 -mfpu=fpv5-sp-d16  -fdata-sections -ffunction-sections -fno-strict-aliasing -nostdlib -L/usr/lib/gcc/arm-none-eabi/7.3.1/thumb/v7e-m/fpv4-sp/hard/ -I/home/parisse/numworks/include -I/home/parisse/numworks/include -I/home/parisse/numworks/include  conftest.c >&5
configure:10031: $? = 0
configure:10031: result: yes
configure:10031: checking limits.h presence
configure:10031: /usr/bin/arm-none-eabi-gcc -E -I/home/parisse/numworks/include -I/home/parisse/numworks/include  conftest.c
configure:10031: $? = 0
configure:10031: result: yes
configure:10031: checking for limits.h
configure:10031: result: yes
configure:10031: checking for stdlib.h
configure:10031: result: yes
configure:10031: checking for string.h
configure:10031: result: yes
configure:10031: checking sys/time.h usability
configure:10031: /usr/bin/arm-none-eabi-gcc -c -mthumb -march=armv7e-m -mfloat-abi=hard  -mcpu=cortex-m7 -mfpu=fpv5-sp-d16  -fdata-sections -ffunction-sections -fno-strict-aliasing -nostdlib -L/usr/lib/gcc/arm-none-eabi/7.3.1/thumb/v7e-m/fpv4-sp/hard/ -I/home/parisse/numworks/include -I/home/parisse/numworks/include -I/home/parisse/numworks/include  conftest.c >&5
configure:10031: $? = 0
configure:10031: result: yes
configure:10031: checking sys/time.h presence
configure:10031: /usr/bin/arm-none-eabi-gcc -E -I/home/parisse/numworks/include -I/home/parisse/numworks/include  conftest.c
configure:10031: $? = 0
configure:10031: result: yes
configure:10031: checking for sys/time.h
configure:10031: result: yes
configure:10031: checking for unistd.h
configure:10031: result: yes
configure:10043: checking for size_t
configure:10043: /usr/bin/arm-none-eabi-gcc -c -mthumb -march=armv7e-m -mfloat-abi=hard  -mcpu=cortex-m7 -mfpu=fpv5-sp-d16  -fdata-sections -ffunction-sections -fno-strict-aliasing -nostdlib -L/usr/lib/gcc/arm-none-eabi/7.3.1/thumb/v7e-m/fpv4-sp/hard/ -I/home/parisse/numworks/include -I/home/parisse/numworks/include -I/home/parisse/numworks/include  conftest.c >&5
configure:10043: $? = 0
configure:10043: /usr/bin/arm-none-eabi-gcc -c -mthumb -march=armv7e-m -mfloat-abi=hard  -mcpu=cortex-m7 -mfpu=fpv5-sp-d16  -fdata-sections -ffunction-sections -fno-strict-aliasing -nostdlib -L/usr/lib/gcc/arm-none-eabi/7.3.1/thumb/v7e-m/fpv4-sp/hard/ -I/home/parisse/numworks/include -I/home/parisse/numworks/include -I/home/parisse/numworks/include  conftest.c >&5
conftest.c: In function 'main':
conftest.c:69:21: error: expected expression before ')' token
 if (sizeof ((size_t)))
                     ^
configure:10043: $? = 1
configure: failed program was:
| /* confdefs.h */
| #define PACKAGE_NAME "mpfi"
| #define PACKAGE_TARNAME "mpfi"
| #define PACKAGE_VERSION "1.5.3"
| #define PACKAGE_STRING "mpfi 1.5.3"
| #define PACKAGE_BUGREPORT "mpfi-users@lists.gforge.inria.fr"
| #define PACKAGE_URL "https://gforge.inria.fr/projects/mpfi/"
| #define STDC_HEADERS 1
| #define HAVE_SYS_TYPES_H 1
| #define HAVE_SYS_STAT_H 1
| #define HAVE_STDLIB_H 1
| #define HAVE_STRING_H 1
| #define HAVE_MEMORY_H 1
| #define HAVE_STRINGS_H 1
| #define HAVE_INTTYPES_H 1
| #define HAVE_STDINT_H 1
| #define HAVE_UNISTD_H 1
| #define __EXTENSIONS__ 1
| #define _ALL_SOURCE 1
| #define _GNU_SOURCE 1
| #define _POSIX_PTHREAD_SEMANTICS 1
| #define _TANDEM_SOURCE 1
| #define PACKAGE "mpfi"
| #define VERSION "1.5.3"
| #define LT_OBJDIR ".libs/"
| #define HAVE_FLOAT_H 1
| #define HAVE_LIMITS_H 1
| #define HAVE_STDLIB_H 1
| #define HAVE_STRING_H 1
| #define HAVE_SYS_TIME_H 1
| #define HAVE_UNISTD_H 1
| /* end confdefs.h.  */
| #include <stdio.h>
| #ifdef HAVE_SYS_TYPES_H
| # include <sys/types.h>
| #endif
| #ifdef HAVE_SYS_STAT_H
| # include <sys/stat.h>
| #endif
| #ifdef STDC_HEADERS
| # include <stdlib.h>
| # include <stddef.h>
| #else
| # ifdef HAVE_STDLIB_H
| #  include <stdlib.h>
| # endif
| #endif
| #ifdef HAVE_STRING_H
| # if !defined STDC_HEADERS && defined HAVE_MEMORY_H
| #  include <memory.h>
| # endif
| # include <string.h>
| #endif
| #ifdef HAVE_STRINGS_H
| # include <strings.h>
| #endif
| #ifdef HAVE_INTTYPES_H
| # include <inttypes.h>
| #endif
| #ifdef HAVE_STDINT_H
| # include <stdint.h>
| #endif
| #ifdef HAVE_UNISTD_H
| # include <unistd.h>
| #endif
| int
| main ()
| {
| if (sizeof ((size_t)))
| 	    return 0;
|   ;
|   return 0;
| }
configure:10043: result: yes
configure:10059: checking for dup2
configure:10059: /usr/bin/arm-none-eabi-gcc -o conftest -mthumb -march=armv7e-m -mfloat-abi=hard  -mcpu=cortex-m7 -mfpu=fpv5-sp-d16  -fdata-sections -ffunction-sections -fno-strict-aliasing -nostdlib -L/usr/lib/gcc/arm-none-eabi/7.3.1/thumb/v7e-m/fpv4-sp/hard/ -I/home/parisse/numworks/include -I/home/parisse/numworks/include -I/home/parisse/numworks/include  -L/home/parisse/numworks/lib -L/home/parisse/numworks/lib /usr/lib/gcc/arm-none-eabi/7.3.1/thumb/v7e-m/fpv4-sp/hard/libgcc.a conftest.c -lmpfr -lgmp -lc -lgcc -lnosys >&5
/usr/lib/gcc/arm-none-eabi/7.3.1/../../../arm-none-eabi/bin/ld: warning: cannot find entry symbol _start; defaulting to 0000000000008000
/usr/lib/gcc/arm-none-eabi/7.3.1/../../../arm-none-eabi/bin/ld: /tmp/ccHp4FG3.o: in function `main':
conftest.c:(.text.main+0x4): undefined reference to `dup2'
collect2: error: ld returned 1 exit status
configure:10059: $? = 1
configure: failed program was:
| /* confdefs.h */
| #define PACKAGE_NAME "mpfi"
| #define PACKAGE_TARNAME "mpfi"
| #define PACKAGE_VERSION "1.5.3"
| #define PACKAGE_STRING "mpfi 1.5.3"
| #define PACKAGE_BUGREPORT "mpfi-users@lists.gforge.inria.fr"
| #define PACKAGE_URL "https://gforge.inria.fr/projects/mpfi/"
| #define STDC_HEADERS 1
| #define HAVE_SYS_TYPES_H 1
| #define HAVE_SYS_STAT_H 1
| #define HAVE_STDLIB_H 1
| #define HAVE_STRING_H 1
| #define HAVE_MEMORY_H 1
| #define HAVE_STRINGS_H 1
| #define HAVE_INTTYPES_H 1
| #define HAVE_STDINT_H 1
| #define HAVE_UNISTD_H 1
| #define __EXTENSIONS__ 1
| #define _ALL_SOURCE 1
| #define _GNU_SOURCE 1
| #define _POSIX_PTHREAD_SEMANTICS 1
| #define _TANDEM_SOURCE 1
| #define PACKAGE "mpfi"
| #define VERSION "1.5.3"
| #define LT_OBJDIR ".libs/"
| #define HAVE_FLOAT_H 1
| #define HAVE_LIMITS_H 1
| #define HAVE_STDLIB_H 1
| #define HAVE_STRING_H 1
| #define HAVE_SYS_TIME_H 1
| #define HAVE_UNISTD_H 1
| /* end confdefs.h.  */
| /* Define dup2 to an innocuous variant, in case <limits.h> declares dup2.
|    For example, HP-UX 11i <limits.h> declares gettimeofday.  */
| #define dup2 innocuous_dup2
| 
| /* System header to define __stub macros and hopefully few prototypes,
|     which can conflict with char dup2 (); below.
|     Prefer <limits.h> to <assert.h> if __STDC__ is defined, since
|     <limits.h> exists even on freestanding compilers.  */
| 
| #ifdef __STDC__
| # include <limits.h>
| #else
| # include <assert.h>
| #endif
| 
| #undef dup2
| 
| /* Override any GCC internal prototype to avoid an error.
|    Use char because int might match the return type of a GCC
|    builtin and then its argument prototype would still apply.  */
| #ifdef __cplusplus
| extern "C"
| #endif
| char dup2 ();
| /* The GNU C library defines this for functions which it implements
|     to always fail with ENOSYS.  Some functions are actually named
|     something starting with __ and the normal name is an alias.  */
| #if defined __stub_dup2 || defined __stub___dup2
| choke me
| #endif
| 
| int
| main ()
| {
| return dup2 ();
|   ;
|   return 0;
| }
configure:10059: result: no
configure:10059: checking for gettimeofday
configure:10059: /usr/bin/arm-none-eabi-gcc -o conftest -mthumb -march=armv7e-m -mfloat-abi=hard  -mcpu=cortex-m7 -mfpu=fpv5-sp-d16  -fdata-sections -ffunction-sections -fno-strict-aliasing -nostdlib -L/usr/lib/gcc/arm-none-eabi/7.3.1/thumb/v7e-m/fpv4-sp/hard/ -I/home/parisse/numworks/include -I/home/parisse/numworks/include -I/home/parisse/numworks/include  -L/home/parisse/numworks/lib -L/home/parisse/numworks/lib /usr/lib/gcc/arm-none-eabi/7.3.1/thumb/v7e-m/fpv4-sp/hard/libgcc.a conftest.c -lmpfr -lgmp -lc -lgcc -lnosys >&5
/usr/lib/gcc/arm-none-eabi/7.3.1/../../../arm-none-eabi/bin/ld: warning: cannot find entry symbol _start; defaulting to 0000000000008000
configure:10059: $? = 0
configure:10059: result: yes
configure:10071: checking for mpfr_q_sub
configure:10071: /usr/bin/arm-none-eabi-gcc -o conftest -mthumb -march=armv7e-m -mfloat-abi=hard  -mcpu=cortex-m7 -mfpu=fpv5-sp-d16  -fdata-sections -ffunction-sections -fno-strict-aliasing -nostdlib -L/usr/lib/gcc/arm-none-eabi/7.3.1/thumb/v7e-m/fpv4-sp/hard/ -I/home/parisse/numworks/include -I/home/parisse/numworks/include -I/home/parisse/numworks/include  -L/home/parisse/numworks/lib -L/home/parisse/numworks/lib /usr/lib/gcc/arm-none-eabi/7.3.1/thumb/v7e-m/fpv4-sp/hard/libgcc.a conftest.c -lmpfr -lgmp -lc -lgcc -lnosys >&5
/usr/lib/gcc/arm-none-eabi/7.3.1/../../../arm-none-eabi/bin/ld: warning: cannot find entry symbol _start; defaulting to 0000000000008000
/usr/lib/gcc/arm-none-eabi/7.3.1/../../../arm-none-eabi/bin/ld: /tmp/ccdh0cGd.o: in function `main':
conftest.c:(.text.main+0x4): undefined reference to `mpfr_q_sub'
collect2: error: ld returned 1 exit status
configure:10071: $? = 1
configure: failed program was:
| /* confdefs.h */
| #define PACKAGE_NAME "mpfi"
| #define PACKAGE_TARNAME "mpfi"
| #define PACKAGE_VERSION "1.5.3"
| #define PACKAGE_STRING "mpfi 1.5.3"
| #define PACKAGE_BUGREPORT "mpfi-users@lists.gforge.inria.fr"
| #define PACKAGE_URL "https://gforge.inria.fr/projects/mpfi/"
| #define STDC_HEADERS 1
| #define HAVE_SYS_TYPES_H 1
| #define HAVE_SYS_STAT_H 1
| #define HAVE_STDLIB_H 1
| #define HAVE_STRING_H 1
| #define HAVE_MEMORY_H 1
| #define HAVE_STRINGS_H 1
| #define HAVE_INTTYPES_H 1
| #define HAVE_STDINT_H 1
| #define HAVE_UNISTD_H 1
| #define __EXTENSIONS__ 1
| #define _ALL_SOURCE 1
| #define _GNU_SOURCE 1
| #define _POSIX_PTHREAD_SEMANTICS 1
| #define _TANDEM_SOURCE 1
| #define PACKAGE "mpfi"
| #define VERSION "1.5.3"
| #define LT_OBJDIR ".libs/"
| #define HAVE_FLOAT_H 1
| #define HAVE_LIMITS_H 1
| #define HAVE_STDLIB_H 1
| #define HAVE_STRING_H 1
| #define HAVE_SYS_TIME_H 1
| #define HAVE_UNISTD_H 1
| #define HAVE_GETTIMEOFDAY 1
| /* end confdefs.h.  */
| /* Define mpfr_q_sub to an innocuous variant, in case <limits.h> declares mpfr_q_sub.
|    For example, HP-UX 11i <limits.h> declares gettimeofday.  */
| #define mpfr_q_sub innocuous_mpfr_q_sub
| 
| /* System header to define __stub macros and hopefully few prototypes,
|     which can conflict with char mpfr_q_sub (); below.
|     Prefer <limits.h> to <assert.h> if __STDC__ is defined, since
|     <limits.h> exists even on freestanding compilers.  */
| 
| #ifdef __STDC__
| # include <limits.h>
| #else
| # include <assert.h>
| #endif
| 
| #undef mpfr_q_sub
| 
| /* Override any GCC internal prototype to avoid an error.
|    Use char because int might match the return type of a GCC
|    builtin and then its argument prototype would still apply.  */
| #ifdef __cplusplus
| extern "C"
| #endif
| char mpfr_q_sub ();
| /* The GNU C library defines this for functions which it implements
|     to always fail with ENOSYS.  Some functions are actually named
|     something starting with __ and the normal name is an alias.  */
| #if defined __stub_mpfr_q_sub || defined __stub___mpfr_q_sub
| choke me
| #endif
| 
| int
| main ()
| {
| return mpfr_q_sub ();
|   ;
|   return 0;
| }
configure:10071: result: no
configure:10071: checking for mpfr_z_sub
configure:10071: /usr/bin/arm-none-eabi-gcc -o conftest -mthumb -march=armv7e-m -mfloat-abi=hard  -mcpu=cortex-m7 -mfpu=fpv5-sp-d16  -fdata-sections -ffunction-sections -fno-strict-aliasing -nostdlib -L/usr/lib/gcc/arm-none-eabi/7.3.1/thumb/v7e-m/fpv4-sp/hard/ -I/home/parisse/numworks/include -I/home/parisse/numworks/include -I/home/parisse/numworks/include  -L/home/parisse/numworks/lib -L/home/parisse/numworks/lib /usr/lib/gcc/arm-none-eabi/7.3.1/thumb/v7e-m/fpv4-sp/hard/libgcc.a conftest.c -lmpfr -lgmp -lc -lgcc -lnosys >&5
/usr/lib/gcc/arm-none-eabi/7.3.1/../../../arm-none-eabi/bin/ld: warning: cannot find entry symbol _start; defaulting to 0000000000008000
configure:10071: $? = 0
configure:10071: result: yes
configure:10071: checking for mpfr_z_div
configure:10071: /usr/bin/arm-none-eabi-gcc -o conftest -mthumb -march=armv7e-m -mfloat-abi=hard  -mcpu=cortex-m7 -mfpu=fpv5-sp-d16  -fdata-sections -ffunction-sections -fno-strict-aliasing -nostdlib -L/usr/lib/gcc/arm-none-eabi/7.3.1/thumb/v7e-m/fpv4-sp/hard/ -I/home/parisse/numworks/include -I/home/parisse/numworks/include -I/home/parisse/numworks/include  -L/home/parisse/numworks/lib -L/home/parisse/numworks/lib /usr/lib/gcc/arm-none-eabi/7.3.1/thumb/v7e-m/fpv4-sp/hard/libgcc.a conftest.c -lmpfr -lgmp -lc -lgcc -lnosys >&5
/usr/lib/gcc/arm-none-eabi/7.3.1/../../../arm-none-eabi/bin/ld: warning: cannot find entry symbol _start; defaulting to 0000000000008000
/usr/lib/gcc/arm-none-eabi/7.3.1/../../../arm-none-eabi/bin/ld: /tmp/cc1rYbwt.o: in function `main':
conftest.c:(.text.main+0x4): undefined reference to `mpfr_z_div'
collect2: error: ld returned 1 exit status
configure:10071: $? = 1
configure: failed program was:
| /* confdefs.h */
| #define PACKAGE_NAME "mpfi"
| #define PACKAGE_TARNAME "mpfi"
| #define PACKAGE_VERSION "1.5.3"
| #define PACKAGE_STRING "mpfi 1.5.3"
| #define PACKAGE_BUGREPORT "mpfi-users@lists.gforge.inria.fr"
| #define PACKAGE_URL "https://gforge.inria.fr/projects/mpfi/"
| #define STDC_HEADERS 1
| #define HAVE_SYS_TYPES_H 1
| #define HAVE_SYS_STAT_H 1
| #define HAVE_STDLIB_H 1
| #define HAVE_STRING_H 1
| #define HAVE_MEMORY_H 1
| #define HAVE_STRINGS_H 1
| #define HAVE_INTTYPES_H 1
| #define HAVE_STDINT_H 1
| #define HAVE_UNISTD_H 1
| #define __EXTENSIONS__ 1
| #define _ALL_SOURCE 1
| #define _GNU_SOURCE 1
| #define _POSIX_PTHREAD_SEMANTICS 1
| #define _TANDEM_SOURCE 1
| #define PACKAGE "mpfi"
| #define VERSION "1.5.3"
| #define LT_OBJDIR ".libs/"
| #define HAVE_FLOAT_H 1
| #define HAVE_LIMITS_H 1
| #define HAVE_STDLIB_H 1
| #define HAVE_STRING_H 1
| #define HAVE_SYS_TIME_H 1
| #define HAVE_UNISTD_H 1
| #define HAVE_GETTIMEOFDAY 1
| #define HAVE_MPFR_Z_SUB 1
| /* end confdefs.h.  */
| /* Define mpfr_z_div to an innocuous variant, in case <limits.h> declares mpfr_z_div.
|    For example, HP-UX 11i <limits.h> declares gettimeofday.  */
| #define mpfr_z_div innocuous_mpfr_z_div
| 
| /* System header to define __stub macros and hopefully few prototypes,
|     which can conflict with char mpfr_z_div (); below.
|     Prefer <limits.h> to <assert.h> if __STDC__ is defined, since
|     <limits.h> exists even on freestanding compilers.  */
| 
| #ifdef __STDC__
| # include <limits.h>
| #else
| # include <assert.h>
| #endif
| 
| #undef mpfr_z_div
| 
| /* Override any GCC internal prototype to avoid an error.
|    Use char because int might match the return type of a GCC
|    builtin and then its argument prototype would still apply.  */
| #ifdef __cplusplus
| extern "C"
| #endif
| char mpfr_z_div ();
| /* The GNU C library defines this for functions which it implements
|     to always fail with ENOSYS.  Some functions are actually named
|     something starting with __ and the normal name is an alias.  */
| #if defined __stub_mpfr_z_div || defined __stub___mpfr_z_div
| choke me
| #endif
| 
| int
| main ()
| {
| return mpfr_z_div ();
|   ;
|   return 0;
| }
configure:10071: result: no
configure:10191: checking that generated files are newer than configure
configure:10197: result: done
configure:10224: creating ./config.status

## ---------------------- ##
## Running config.status. ##
## ---------------------- ##

This file was extended by mpfi config.status 1.5.3, which was
generated by GNU Autoconf 2.69.  Invocation command line was

  CONFIG_FILES    = 
  CONFIG_HEADERS  = 
  CONFIG_LINKS    = 
  CONFIG_COMMANDS = 
  $ ./config.status 

on parisse-VirtualBox

config.status:1096: creating Makefile
config.status:1096: creating doc/Makefile
config.status:1096: creating src/Makefile
config.status:1096: creating tests/Makefile
config.status:1096: creating mpfi_config.h
config.status:1325: executing depfiles commands
config.status:1325: executing libtool commands

## ---------------- ##
## Cache variables. ##
## ---------------- ##

ac_cv_build=x86_64-unknown-linux-gnu
ac_cv_c_compiler_gnu=yes
ac_cv_env_CC_set=set
ac_cv_env_CC_value=/usr/bin/arm-none-eabi-gcc
ac_cv_env_CFLAGS_set=set
ac_cv_env_CFLAGS_value='-mthumb -march=armv7e-m -mfloat-abi=hard  -mcpu=cortex-m7 -mfpu=fpv5-sp-d16  -fdata-sections -ffunction-sections -fno-strict-aliasing -nostdlib -L/usr/lib/gcc/arm-none-eabi/7.3.1/thumb/v7e-m/fpv4-sp/hard/ -I/home/parisse/numworks/include'
ac_cv_env_CPPFLAGS_set=
ac_cv_env_CPPFLAGS_value=
ac_cv_env_CPP_set=
ac_cv_env_CPP_value=
ac_cv_env_LDFLAGS_set=set
ac_cv_env_LDFLAGS_value=/usr/lib/gcc/arm-none-eabi/7.3.1/thumb/v7e-m/fpv4-sp/hard/libgcc.a
ac_cv_env_LIBS_set=set
ac_cv_env_LIBS_value='-lc -lgcc -lnosys'
ac_cv_env_LT_SYS_LIBRARY_PATH_set=
ac_cv_env_LT_SYS_LIBRARY_PATH_value=
ac_cv_env_build_alias_set=
ac_cv_env_build_alias_value=
ac_cv_env_host_alias_set=set
ac_cv_env_host_alias_value=arm-none-eabi
ac_cv_env_target_alias_set=
ac_cv_env_target_alias_value=
ac_cv_func_dup2=no
ac_cv_func_gettimeofday=yes
ac_cv_func_mpfr_q_sub=no
ac_cv_func_mpfr_z_div=no
ac_cv_func_mpfr_z_sub=yes
ac_cv_header_dlfcn_h=no
ac_cv_header_float_h=yes
ac_cv_header_inttypes_h=yes
ac_cv_header_limits_h=yes
ac_cv_header_memory_h=yes
ac_cv_header_minix_config_h=no
ac_cv_header_stdc=yes
ac_cv_header_stdint_h=yes
ac_cv_header_stdlib_h=yes
ac_cv_header_string_h=yes
ac_cv_header_strings_h=yes
ac_cv_header_sys_stat_h=yes
ac_cv_header_sys_time_h=yes
ac_cv_header_sys_types_h=yes
ac_cv_header_unistd_h=yes
ac_cv_host=arm-none-eabi
ac_cv_lib_gmp___gmpz_init=yes
ac_cv_lib_mpfr_mpfr_init=yes
ac_cv_objext=o
ac_cv_path_EGREP='/usr/bin/grep -E'
ac_cv_path_FGREP='/usr/bin/grep -F'
ac_cv_path_GREP=/usr/bin/grep
ac_cv_path_SED=/usr/bin/sed
ac_cv_path_install='/usr/bin/install -c'
ac_cv_path_lt_DD=/usr/bin/dd
ac_cv_path_mkdir=/usr/bin/mkdir
ac_cv_prog_AR=arm-none-eabi-ar
ac_cv_prog_AWK=mawk
ac_cv_prog_CC=/usr/bin/arm-none-eabi-gcc
ac_cv_prog_CPP='/usr/bin/arm-none-eabi-gcc -E'
ac_cv_prog_OBJDUMP=arm-none-eabi-objdump
ac_cv_prog_RANLIB=arm-none-eabi-ranlib
ac_cv_prog_STRIP=arm-none-eabi-strip
ac_cv_prog_ac_ct_MANIFEST_TOOL=mt
ac_cv_prog_cc_c89=
ac_cv_prog_cc_g=yes
ac_cv_prog_make_make_set=yes
ac_cv_safe_to_define___extensions__=yes
ac_cv_type_size_t=yes
am_cv_CC_dependencies_compiler_type=gcc3
am_cv_ar_interface=ar
am_cv_make_support_nested_variables=yes
am_cv_prog_cc_c_o=yes
lt_cv_ar_at_file=@
lt_cv_archive_cmds_need_lc=yes
lt_cv_deplibs_check_method=unknown
lt_cv_file_magic_cmd='$MAGIC_CMD'
lt_cv_file_magic_test_file=
lt_cv_ld_reload_flag=-r
lt_cv_nm_interface='BSD nm'
lt_cv_objdir=.libs
lt_cv_path_LD=/usr/lib/arm-none-eabi/bin/ld
lt_cv_path_NM='/usr/bin/arm-none-eabi-nm -B'
lt_cv_path_mainfest_tool=no
lt_cv_prog_compiler_c_o=yes
lt_cv_prog_compiler_pic='-fPIC -DPIC'
lt_cv_prog_compiler_pic_works=yes
lt_cv_prog_compiler_rtti_exceptions=no
lt_cv_prog_compiler_static_works=yes
lt_cv_prog_gnu_ld=yes
lt_cv_sharedlib_from_linklib_cmd='printf %s\n'
lt_cv_sys_global_symbol_pipe='sed -n -e '\''s/^.*[	 ]\([ABCDGIRSTW][ABCDGIRSTW]*\)[	 ][	 ]*\([_A-Za-z][_A-Za-z0-9]*\)$/\1 \2 \2/p'\'' | sed '\''/ __gnu_lto/d'\'''
lt_cv_sys_global_symbol_to_c_name_address='sed -n -e '\''s/^: \(.*\) .*$/  {"\1", (void *) 0},/p'\'' -e '\''s/^[ABCDGIRSTW][ABCDGIRSTW]* .* \(.*\)$/  {"\1", (void *) \&\1},/p'\'''
lt_cv_sys_global_symbol_to_c_name_address_lib_prefix='sed -n -e '\''s/^: \(.*\) .*$/  {"\1", (void *) 0},/p'\'' -e '\''s/^[ABCDGIRSTW][ABCDGIRSTW]* .* \(lib.*\)$/  {"\1", (void *) \&\1},/p'\'' -e '\''s/^[ABCDGIRSTW][ABCDGIRSTW]* .* \(.*\)$/  {"lib\1", (void *) \&\1},/p'\'''
lt_cv_sys_global_symbol_to_cdecl='sed -n -e '\''s/^T .* \(.*\)$/extern int \1();/p'\'' -e '\''s/^[ABCDGIRSTW][ABCDGIRSTW]* .* \(.*\)$/extern char \1;/p'\'''
lt_cv_sys_global_symbol_to_import=
lt_cv_sys_max_cmd_len=1572864
lt_cv_to_host_file_cmd=func_convert_file_noop
lt_cv_to_tool_file_cmd=func_convert_file_noop
lt_cv_truncate_bin='/usr/bin/dd bs=4096 count=1'

## ----------------- ##
## Output variables. ##
## ----------------- ##

ACLOCAL='${SHELL} /home/parisse/numworks/mpfi-1.5.3/build-aux/missing aclocal-1.15'
AMDEPBACKSLASH='\'
AMDEP_FALSE='#'
AMDEP_TRUE=''
AMTAR='$${TAR-tar}'
AM_BACKSLASH='\'
AM_DEFAULT_V='$(AM_DEFAULT_VERBOSITY)'
AM_DEFAULT_VERBOSITY='1'
AM_V='$(V)'
AR='arm-none-eabi-ar'
AUTOCONF='${SHELL} /home/parisse/numworks/mpfi-1.5.3/build-aux/missing autoconf'
AUTOHEADER='${SHELL} /home/parisse/numworks/mpfi-1.5.3/build-aux/missing autoheader'
AUTOMAKE='${SHELL} /home/parisse/numworks/mpfi-1.5.3/build-aux/missing automake-1.15'
AWK='mawk'
CC='/usr/bin/arm-none-eabi-gcc'
CCDEPMODE='depmode=gcc3'
CFLAGS='-mthumb -march=armv7e-m -mfloat-abi=hard  -mcpu=cortex-m7 -mfpu=fpv5-sp-d16  -fdata-sections -ffunction-sections -fno-strict-aliasing -nostdlib -L/usr/lib/gcc/arm-none-eabi/7.3.1/thumb/v7e-m/fpv4-sp/hard/ -I/home/parisse/numworks/include'
CPP='/usr/bin/arm-none-eabi-gcc -E'
CPPFLAGS='-I/home/parisse/numworks/include -I/home/parisse/numworks/include '
CYGPATH_W='echo'
DEFS='-DHAVE_CONFIG_H'
DEPDIR='.deps'
DLLTOOL='false'
DSYMUTIL=''
DUMPBIN=''
ECHO_C=''
ECHO_N='-n'
ECHO_T=''
EGREP='/usr/bin/grep -E'
EXEEXT=''
FGREP='/usr/bin/grep -F'
GREP='/usr/bin/grep'
INSTALL_DATA='${INSTALL} -m 644'
INSTALL_PROGRAM='${INSTALL}'
INSTALL_SCRIPT='${INSTALL}'
INSTALL_STRIP_PROGRAM='$(install_sh) -c -s'
LD='/usr/lib/arm-none-eabi/bin/ld'
LDFLAGS='-L/home/parisse/numworks/lib -L/home/parisse/numworks/lib /usr/lib/gcc/arm-none-eabi/7.3.1/thumb/v7e-m/fpv4-sp/hard/libgcc.a'
LIBOBJS=''
LIBS='-lmpfr -lgmp -lc -lgcc -lnosys'
LIBTOOL='$(SHELL) $(top_builddir)/libtool'
LIPO=''
LN_S='ln -s'
LTLIBOBJS=''
LT_SYS_LIBRARY_PATH=''
MAINT='#'
MAINTAINER_MODE_FALSE=''
MAINTAINER_MODE_TRUE='#'
MAKEINFO='${SHELL} /home/parisse/numworks/mpfi-1.5.3/build-aux/missing makeinfo'
MANIFEST_TOOL=':'
MKDIR_P='/usr/bin/mkdir -p'
NM='/usr/bin/arm-none-eabi-nm -B'
NMEDIT=''
OBJDUMP='arm-none-eabi-objdump'
OBJEXT='o'
OTOOL64=''
OTOOL=''
PACKAGE='mpfi'
PACKAGE_BUGREPORT='mpfi-users@lists.gforge.inria.fr'
PACKAGE_NAME='mpfi'
PACKAGE_STRING='mpfi 1.5.3'
PACKAGE_TARNAME='mpfi'
PACKAGE_URL='https://gforge.inria.fr/projects/mpfi/'
PACKAGE_VERSION='1.5.3'
PATH_SEPARATOR=':'
RANLIB='arm-none-eabi-ranlib'
SED='/usr/bin/sed'
SET_MAKE=''
SHELL='/bin/bash'
STRIP='arm-none-eabi-strip'
VERSION='1.5.3'
ac_ct_AR=''
ac_ct_CC=''
ac_ct_DUMPBIN=''
am__EXEEXT_FALSE=''
am__EXEEXT_TRUE='#'
am__fastdepCC_FALSE='#'
am__fastdepCC_TRUE=''
am__include='include'
am__isrc=''
am__leading_dot='.'
am__nodep='_no'
am__quote=''
am__tar='$${TAR-tar} chof - "$$tardir"'
am__untar='$${TAR-tar} xf -'
bindir='${exec_prefix}/bin'
build='x86_64-unknown-linux-gnu'
build_alias=''
build_cpu='x86_64'
build_os='linux-gnu'
build_vendor='unknown'
datadir='${datarootdir}'
datarootdir='${prefix}/share'
docdir='${datarootdir}/doc/${PACKAGE_TARNAME}'
dvidir='${docdir}'
exec_prefix='${prefix}'
host='arm-none-eabi'
host_alias='arm-none-eabi'
host_cpu='arm'
host_os='eabi'
host_vendor='none'
htmldir='${docdir}'
includedir='${prefix}/include'
infodir='${datarootdir}/info'
install_sh='${SHELL} /home/parisse/numworks/mpfi-1.5.3/build-aux/install-sh'
libdir='${exec_prefix}/lib'
libexecdir='${exec_prefix}/libexec'
localedir='${datarootdir}/locale'
localstatedir='${prefix}/var'
mandir='${datarootdir}/man'
mkdir_p='$(MKDIR_P)'
oldincludedir='/usr/include'
pdfdir='${docdir}'
prefix='/usr/local'
program_transform_name='s,x,x,'
psdir='${docdir}'
sbindir='${exec_prefix}/sbin'
sharedstatedir='${prefix}/com'
sysconfdir='${prefix}/etc'
target_alias=''

## ----------- ##
## confdefs.h. ##
## ----------- ##

/* confdefs.h */
#define PACKAGE_NAME "mpfi"
#define PACKAGE_TARNAME "mpfi"
#define PACKAGE_VERSION "1.5.3"
#define PACKAGE_STRING "mpfi 1.5.3"
#define PACKAGE_BUGREPORT "mpfi-users@lists.gforge.inria.fr"
#define PACKAGE_URL "https://gforge.inria.fr/projects/mpfi/"
#define STDC_HEADERS 1
#define HAVE_SYS_TYPES_H 1
#define HAVE_SYS_STAT_H 1
#define HAVE_STDLIB_H 1
#define HAVE_STRING_H 1
#define HAVE_MEMORY_H 1
#define HAVE_STRINGS_H 1
#define HAVE_INTTYPES_H 1
#define HAVE_STDINT_H 1
#define HAVE_UNISTD_H 1
#define __EXTENSIONS__ 1
#define _ALL_SOURCE 1
#define _GNU_SOURCE 1
#define _POSIX_PTHREAD_SEMANTICS 1
#define _TANDEM_SOURCE 1
#define PACKAGE "mpfi"
#define VERSION "1.5.3"
#define LT_OBJDIR ".libs/"
#define HAVE_FLOAT_H 1
#define HAVE_LIMITS_H 1
#define HAVE_STDLIB_H 1
#define HAVE_STRING_H 1
#define HAVE_SYS_TIME_H 1
#define HAVE_UNISTD_H 1
#define HAVE_GETTIMEOFDAY 1
#define HAVE_MPFR_Z_SUB 1

configure: exit 0
